Arguments: 
  /Users/meganmartel/.nvm/versions/node/v15.14.0/bin/node /opt/homebrew/Cellar/yarn/1.22.17_2/libexec/bin/yarn.js start

PATH: 
  /Users/meganmartel/.nvm/versions/node/v15.14.0/bin:/Users/meganmartel/google-cloud-sdk/bin:/opt/homebrew/bin:/opt/homebrew/sbin:/usr/local/bin:/usr/bin:/bin:/usr/sbin:/sbin:/Library/Apple/usr/bin:/Users/meganmartel/opt/anaconda3/condabin:/Users/meganmartel/.nvm/versions/node/v15.14.0/bin:/Users/meganmartel/google-cloud-sdk/bin:/opt/homebrew/bin:/opt/homebrew/sbin

Yarn version: 
  1.22.17

Node version: 
  15.14.0

Platform: 
  darwin x64

Trace: 
  SyntaxError: /Users/meganmartel/code/ts-express/package.json: Unexpected string in JSON at position 131
      at JSON.parse (<anonymous>)
      at /opt/homebrew/Cellar/yarn/1.22.17_2/libexec/lib/cli.js:1625:59
      at Generator.next (<anonymous>)
      at step (/opt/homebrew/Cellar/yarn/1.22.17_2/libexec/lib/cli.js:310:30)
      at /opt/homebrew/Cellar/yarn/1.22.17_2/libexec/lib/cli.js:321:13

npm manifest: 
  {
    "name": "ts-express",
    "version": "1.0.0",
    "main": "index.js",
    "scripts": {
      "start": "node ./dist/src/index.js"
    }
    "author": "Megan Martel <mmartel1330@gmail.com>",
    "license": "MIT",
    "devDependencies": {
      "typescript": "^4.5.5"
    }
  }

yarn manifest: 
  No manifest

Lockfile: 
  # THIS IS AN AUTOGENERATED FILE. DO NOT EDIT THIS FILE DIRECTLY.
  # yarn lockfile v1
  
  
  typescript@^4.5.5:
    version "4.5.5"
    resolved "https://registry.yarnpkg.com/typescript/-/typescript-4.5.5.tgz#d8c953832d28924a9e3d37c73d729c846c5896f3"
    integrity sha512-TCTIul70LyWe6IJWT8QSYeA54WQe8EjQFU4wY52Fasj5UKx88LNYKCgBEHcOMOrFF1rKGbD8v/xcNWVUq9SymA==
